PLINK v1.90b4.9 64-bit (13 Oct 2017)
Options in effect:
  --bfile D:/Projets/bigsnpr/inst/extdata/example
  --extract C:\Users\Florian\AppData\Local\Temp\Rtmp02cVEx\file381873043cec.prune.in
  --genome
  --min 0.08
  --out D:/Projets/bigsnpr/inst/extdata/example
  --threads 2

Hostname: FLORIAN_FIXE
Working directory: D:\Projets\bigsnpr\docs\reference
Start time: Thu Nov 02 17:29:14 2017

Random number seed: 1509640154
4003 MB RAM detected; reserving 2001 MB for main workspace.
4542 variants loaded from .bim file.
517 people (0 males, 0 females, 517 ambiguous) loaded from .fam.
Ambiguous sex IDs written to D:/Projets/bigsnpr/inst/extdata/example.nosex .
517 phenotype values loaded from .fam.
--extract: 4486 variants remaining.
Warning: Ignoring phenotypes of missing-sex samples.  If you don't want those
phenotypes to be ignored, use the --allow-no-sex flag.
Using up to 2 threads (change this with --threads).
Before main variant filters, 517 founders and 0 nonfounders present.
Calculating allele frequencies... done.
4486 variants and 517 people pass filters and QC.
Note: No phenotypes present.
IBD calculations complete.
Finished writing D:/Projets/bigsnpr/inst/extdata/example.genome .

End time: Thu Nov 02 17:29:14 2017
